<?xml version="1.0" encoding="UTF-8"?>
<testng-results ignored="0" total="1" passed="1" failed="0" skipped="0">
  <reporter-output>
  </reporter-output>
  <suite started-at="2024-04-17T19:50:01 CDT" name="Default suite" finished-at="2024-04-17T19:51:50 CDT" duration-ms="108829">
    <groups>
    </groups>
    <test started-at="2024-04-17T19:50:01 CDT" name="Default test" finished-at="2024-04-17T19:51:50 CDT" duration-ms="108829">
      <class name="test.AddCustomerTest">
        <test-method signature="UserShouldBeAbleToAddCustomer()[pri:0, instance:test.AddCustomerTest@64dafeed]" started-at="2024-04-17T19:50:01 CDT" name="UserShouldBeAbleToAddCustomer" finished-at="2024-04-17T19:51:50 CDT" duration-ms="108696" status="PASS">
          <reporter-output>
          </reporter-output>
        </test-method> <!-- UserShouldBeAbleToAddCustomer -->
      </class> <!-- test.AddCustomerTest -->
    </test> <!-- Default test -->
  </suite> <!-- Default suite -->
</testng-results>
